TN:
SF:src/module/scripts/api.js
FN:4,getActorActionsData
FN:8,(anonymous_1)
FN:17,(anonymous_2)
FN:24,(anonymous_3)
FN:33,(anonymous_4)
FN:76,isItemInActionList
FN:146,renderActionsList
FNF:7
FNH:6
FNDA:4,getActorActionsData
FNDA:2,(anonymous_1)
FNDA:4,(anonymous_2)
FNDA:0,(anonymous_3)
FNDA:4,(anonymous_4)
FNDA:27,isItemInActionList
FNDA:2,renderActionsList
DA:5,4
DA:6,4
DA:9,2
DA:10,1
DA:12,1
DA:13,1
DA:15,0
DA:18,4
DA:19,0
DA:23,4
DA:24,0
DA:29,4
DA:32,2
DA:34,4
DA:35,4
DA:38,4
DA:39,0
DA:42,4
DA:43,4
DA:44,4
DA:46,0
DA:47,0
DA:60,2
DA:62,2
DA:64,2
DA:82,27
DA:83,27
DA:84,2
DA:88,25
DA:89,25
DA:91,25
DA:92,2
DA:96,23
DA:98,4
DA:101,2
DA:104,2
DA:109,13
DA:112,13
DA:113,13
DA:114,13
DA:115,2
DA:117,11
DA:118,11
DA:121,11
DA:122,11
DA:123,11
DA:124,1
DA:125,1
DA:126,1
DA:128,11
DA:129,1
DA:130,1
DA:132,11
DA:135,1
DA:138,1
DA:147,2
DA:148,2
DA:150,2
DA:156,2
DA:173,1
DA:175,1
DA:177,1
LF:62
LH:56
BRDA:9,0,0,1
BRDA:9,0,1,1
BRDA:12,1,0,1
BRDA:12,1,1,0
BRDA:12,2,0,1
BRDA:12,2,1,1
BRDA:15,3,0,0
BRDA:15,3,1,0
BRDA:15,4,0,0
BRDA:15,4,1,0
BRDA:18,5,0,0
BRDA:18,5,1,4
BRDA:23,6,0,0
BRDA:23,6,1,4
BRDA:25,7,0,0
BRDA:25,7,1,0
BRDA:38,8,0,0
BRDA:38,8,1,4
BRDA:83,9,0,2
BRDA:83,9,1,25
BRDA:91,10,0,2
BRDA:91,10,1,23
BRDA:91,11,0,25
BRDA:91,11,1,24
BRDA:96,12,0,4
BRDA:96,12,1,2
BRDA:96,12,2,2
BRDA:96,12,3,13
BRDA:96,12,4,1
BRDA:96,12,5,1
BRDA:101,13,0,2
BRDA:101,13,1,2
BRDA:105,14,0,2
BRDA:105,14,1,1
BRDA:112,15,0,13
BRDA:112,15,1,12
BRDA:114,16,0,2
BRDA:114,16,1,11
BRDA:114,17,0,13
BRDA:114,17,1,11
BRDA:114,17,2,10
BRDA:122,18,0,11
BRDA:122,18,1,10
BRDA:122,18,2,9
BRDA:123,19,0,1
BRDA:123,19,1,10
BRDA:124,20,0,1
BRDA:124,20,1,1
BRDA:125,21,0,1
BRDA:125,21,1,0
BRDA:126,22,0,1
BRDA:126,22,1,1
BRDA:126,22,2,0
BRDA:128,23,0,1
BRDA:128,23,1,10
BRDA:130,24,0,1
BRDA:130,24,1,1
BRDA:180,25,0,1
BRDA:180,25,1,1
BRF:59
BRH:47
end_of_record
TN:
SF:src/module/scripts/constants.js
FN:5,(anonymous_0)
FN:17,(anonymous_1)
FN:44,(anonymous_2)
FNF:3
FNH:3
FNDA:5,(anonymous_0)
FNDA:5,(anonymous_1)
FNDA:5,(anonymous_2)
DA:1,5
DA:3,5
DA:5,5
DA:6,5
DA:7,5
DA:8,5
DA:9,5
DA:10,5
DA:11,5
DA:12,5
DA:13,5
DA:14,5
DA:17,5
DA:18,5
DA:19,5
DA:22,5
DA:26,5
DA:44,5
DA:45,5
DA:46,5
DA:47,5
DA:48,5
DA:49,5
DA:50,5
DA:51,5
DA:52,5
DA:53,5
DA:54,5
LF:28
LH:28
BRDA:55,0,0,5
BRDA:55,0,1,5
BRF:2
BRH:2
end_of_record
TN:
SF:src/module/scripts/handleFavoriteControls.js
FN:5,addFavoriteControls
FN:6,createFavButton
FN:27,(anonymous_2)
FN:52,(anonymous_3)
FN:53,(anonymous_4)
FN:69,(anonymous_5)
FNF:6
FNH:4
FNDA:8,addFavoriteControls
FNDA:14,createFavButton
FNDA:6,(anonymous_2)
FNDA:0,(anonymous_3)
FNDA:0,(anonymous_4)
FNDA:14,(anonymous_5)
DA:7,14
DA:25,8
DA:27,7
DA:28,6
DA:29,6
DA:30,6
DA:31,6
DA:32,6
DA:33,1
DA:35,5
DA:38,5
DA:41,4
DA:42,4
DA:44,3
DA:47,3
DA:48,3
DA:51,3
DA:52,2
DA:53,0
DA:57,2
DA:64,3
DA:69,7
DA:70,14
DA:71,14
DA:72,14
DA:73,0
DA:75,14
DA:79,14
LF:28
LH:26
BRDA:7,0,0,7
BRDA:7,0,1,7
BRDA:8,1,0,7
BRDA:8,1,1,7
BRDA:17,2,0,7
BRDA:17,2,1,7
BRDA:25,3,0,7
BRDA:25,3,1,1
BRDA:31,4,0,6
BRDA:31,4,1,6
BRDA:32,5,0,1
BRDA:32,5,1,5
BRDA:42,6,0,3
BRDA:42,6,1,1
BRDA:51,7,0,2
BRDA:51,7,1,1
BRDA:71,8,0,14
BRDA:71,8,1,14
BRDA:72,9,0,0
BRDA:72,9,1,14
BRF:20
BRH:19
end_of_record
TN:
SF:src/module/scripts/helpers.js
FN:3,log
FN:10,getActivationType
FN:24,isActiveItem
FN:34,getGame
FNF:4
FNH:3
FNDA:4,log
FNDA:13,getActivationType
FNDA:14,isActiveItem
FNDA:0,getGame
DA:4,4
DA:5,4
DA:6,3
DA:11,13
DA:18,6
DA:20,7
DA:25,14
DA:26,3
DA:28,11
DA:29,4
DA:31,7
DA:35,0
DA:36,0
DA:38,0
LF:14
LH:11
BRDA:4,0,0,4
BRDA:4,0,1,3
BRDA:5,1,0,3
BRDA:5,1,1,1
BRDA:11,2,0,1
BRDA:11,2,1,2
BRDA:11,2,2,3
BRDA:11,2,3,4
BRDA:11,2,4,5
BRDA:11,2,5,6
BRDA:11,2,6,7
BRDA:25,3,0,3
BRDA:25,3,1,11
BRDA:28,4,0,4
BRDA:28,4,1,7
BRDA:35,5,0,0
BRDA:35,5,1,0
BRF:17
BRH:15
end_of_record
TN:
SF:src/module/scripts/migrations.js
FN:7,migrateWorldContent
FN:36,migrateTo7_1_0
FN:46,migrateTo7_1_2
FNF:3
FNH:3
FNDA:4,migrateWorldContent
FNDA:3,migrateTo7_1_0
FNDA:3,migrateTo7_1_2
DA:9,4
DA:10,4
DA:12,4
DA:15,4
DA:17,3
DA:20,3
DA:21,3
DA:24,3
DA:25,3
DA:29,3
DA:30,3
DA:37,3
DA:47,3
LF:13
LH:13
BRDA:15,0,0,1
BRDA:15,0,1,3
BRDA:20,1,0,3
BRDA:20,1,1,0
BRDA:20,2,0,3
BRDA:20,2,1,3
BRDA:24,3,0,3
BRDA:24,3,1,0
BRDA:24,4,0,3
BRDA:24,4,1,3
BRF:10
BRH:8
end_of_record
TN:
SF:src/module/scripts/settings.js
FN:3,(anonymous_0)
FNF:1
FNH:1
FNDA:1,(anonymous_0)
DA:3,1
DA:5,1
DA:14,1
DA:22,1
DA:30,1
DA:38,1
DA:46,1
DA:54,1
DA:62,1
LF:9
LH:9
BRF:0
BRH:0
end_of_record
